#
# A fatal error has been detected by the Java Runtime Environment:
#
#  EXCEPTION_ACCESS_VIOLATION (0xc0000005) at pc=0x00007fff22eae1c2, pid=824, tid=4548
#
# JRE version: Java(TM) SE Runtime Environment (8.0_91-b14) (build 1.8.0_91-b14)
# Java VM: Java HotSpot(TM) 64-Bit Server VM (25.91-b14 mixed mode windows-amd64 compressed oops)
# Problematic frame:
# C  [IVCAM_DLL.dll+0x3e1c2]
#
# Failed to write core dump. Minidumps are not enabled by default on client versions of Windows
#
# If you would like to submit a bug report, please visit:
#   http://bugreport.java.com/bugreport/crash.jsp
# The crash happened outside the Java Virtual Machine in native code.
# See problematic frame for where to report the bug.
#

---------------  T H R E A D  ---------------

Current thread (0x000000001598e800):  JavaThread "pool-1-thread-2" [_thread_in_native, id=4548, stack(0x0000000016390000,0x0000000016490000)]

siginfo: ExceptionCode=0xc0000005, writing address 0x00000000000009fc

Registers:
RAX=0x000000003f7da6d3, RBX=0x000000001d1abad0, RCX=0x0000000000000000, RDX=0x000000001648b858
RSP=0x000000001648b830, RBP=0x0000000000000000, RSI=0x0000000000000280, RDI=0x000000000000000c
R8 =0x0000000000000000, R9 =0x0000000000000000, R10=0x000000001d1abb4c, R11=0x000000001648b828
R12=0x00000000000009f8, R13=0x0000000000000001, R14=0x0000000000000008, R15=0x0000000000000004
RIP=0x00007fff22eae1c2, EFLAGS=0x0000000000010206

Top of Stack: (sp=0x000000001648b830)
0x000000001648b830:   000000001648b8a8 0000000000000000
0x000000001648b840:   0000000000000000 0000000000000000
0x000000001648b850:   0000000000000000 bf17ed13bf3f86c6
0x000000001648b860:   0000410007d11cd2 0000000000000000
0x000000001648b870:   000000001648c4b0 00000000179f7988
0x000000001648b880:   000000001d199640 00000000179f7980
0x000000001648b890:   0000000000000003 00007fff22eac7f8
0x000000001648b8a0:   0000000080004005 000000001d1abb4c
0x000000001648b8b0:   000000001648bc60 000000001d1abad0
0x000000001648b8c0:   0000000017a75370 00007fff22eaa0d2
0x000000001648b8d0:   000000001d199668 000000001d199654
0x000000001648b8e0:   00009439fc321738 0000000000000000
0x000000001648b8f0:   0000000000000000 000000001648bd10
0x000000001648b900:   00000000179f7980 000000001648bce0
0x000000001648b910:   00007fff406c11d0 00007fff339cae0a
0x000000001648b920:   0000000000000000 00007fff4044455c 

Instructions: (pc=0x00007fff22eae1c2)
0x00007fff22eae1a2:   8b c0 04 00 00 8b 44 38 f8 41 89 44 0c 04 48 8b
0x00007fff22eae1b2:   83 98 04 00 00 48 8b 8b c8 04 00 00 8b 44 38 fc
0x00007fff22eae1c2:   41 89 44 0c 04 48 ff ce 0f 85 b2 fe ff ff 48 8b
0x00007fff22eae1d2:   74 24 20 ff c5 48 81 c6 00 0a 00 00 48 89 74 24 


Register to memory mapping:

RAX=0x000000003f7da6d3 is an unknown value
RBX=0x000000001d1abad0 is an unknown value
RCX=0x0000000000000000 is an unknown value
RDX=0x000000001648b858 is pointing into the stack for thread: 0x000000001598e800
RSP=0x000000001648b830 is pointing into the stack for thread: 0x000000001598e800
RBP=0x0000000000000000 is an unknown value
RSI=0x0000000000000280 is an unknown value
RDI=0x000000000000000c is an unknown value
R8 =0x0000000000000000 is an unknown value
R9 =0x0000000000000000 is an unknown value
R10=0x000000001d1abb4c is an unknown value
R11=0x000000001648b828 is pointing into the stack for thread: 0x000000001598e800
R12=0x00000000000009f8 is an unknown value
R13=0x0000000000000001 is an unknown value
R14=0x0000000000000008 is an unknown value
R15=0x0000000000000004 is an unknown value


Stack: [0x0000000016390000,0x0000000016490000],  sp=0x000000001648b830,  free space=1006k
Native frames: (J=compiled Java code, j=interpreted, Vv=VM code, C=native code)

Java frames: (J=compiled Java code, j=interpreted, Vv=VM code)
j  intel.rssdk.PXCMSenseManager.PXCMSenseManager_Init(JLintel/rssdk/PXCMSenseManager$SMHandler;)Lintel/rssdk/pxcmStatus;+0
j  intel.rssdk.PXCMSenseManager.Init(Lintel/rssdk/PXCMSenseManager$Handler;)Lintel/rssdk/pxcmStatus;+21
j  intel.rssdk.PXCMSenseManager.Init()Lintel/rssdk/pxcmStatus;+2
j  kr.ac.snu.ads.facetracking.CameraViewer.run()V+30
j  java.util.concurrent.ThreadPoolExecutor.runWorker(Ljava/util/concurrent/ThreadPoolExecutor$Worker;)V+95
j  java.util.concurrent.ThreadPoolExecutor$Worker.run()V+5
j  java.lang.Thread.run()V+11
v  ~StubRoutines::call_stub

---------------  P R O C E S S  ---------------

Java Threads: ( => current thread )
  0x0000000002930800 JavaThread "DestroyJavaVM" [_thread_blocked, id=2520, stack(0x0000000002830000,0x0000000002930000)]
=>0x000000001598e800 JavaThread "pool-1-thread-2" [_thread_in_native, id=4548, stack(0x0000000016390000,0x0000000016490000)]
  0x0000000015986000 JavaThread "pool-1-thread-1" [_thread_in_native, id=5248, stack(0x0000000016290000,0x0000000016390000)]
  0x00000000156ef000 JavaThread "Service Thread" daemon [_thread_blocked, id=3816, stack(0x0000000015f90000,0x0000000016090000)]
  0x00000000156ea800 JavaThread "C1 CompilerThread2" daemon [_thread_blocked, id=3180, stack(0x0000000015e90000,0x0000000015f90000)]
  0x00000000156e8000 JavaThread "C2 CompilerThread1" daemon [_thread_blocked, id=3568, stack(0x0000000015d90000,0x0000000015e90000)]
  0x0000000013d0d000 JavaThread "C2 CompilerThread0" daemon [_thread_blocked, id=2624, stack(0x0000000015c90000,0x0000000015d90000)]
  0x0000000013d0c800 JavaThread "Attach Listener" daemon [_thread_blocked, id=204, stack(0x0000000015b90000,0x0000000015c90000)]
  0x0000000013ca8800 JavaThread "Signal Dispatcher" daemon [_thread_blocked, id=196, stack(0x0000000015a90000,0x0000000015b90000)]
  0x0000000013c98800 JavaThread "Finalizer" daemon [_thread_blocked, id=2688, stack(0x0000000014f00000,0x0000000015000000)]
  0x0000000002a24000 JavaThread "Reference Handler" daemon [_thread_blocked, id=5484, stack(0x0000000014e00000,0x0000000014f00000)]

Other Threads:
  0x0000000013c76800 VMThread [stack: 0x0000000014d00000,0x0000000014e00000] [id=5776]
  0x0000000015706800 WatcherThread [stack: 0x0000000016090000,0x0000000016190000] [id=1680]

VM state:not at safepoint (normal execution)

VM Mutex/Monitor currently owned by a thread: None

Heap:
 PSYoungGen      total 9728K, used 5600K [0x00000000f5f00000, 0x00000000f6980000, 0x0000000100000000)
  eden space 8704K, 64% used [0x00000000f5f00000,0x00000000f6478078,0x00000000f6780000)
  from space 1024K, 0% used [0x00000000f6880000,0x00000000f6880000,0x00000000f6980000)
  to   space 1024K, 0% used [0x00000000f6780000,0x00000000f6780000,0x00000000f6880000)
 ParOldGen       total 22016K, used 0K [0x00000000e1c00000, 0x00000000e3180000, 0x00000000f5f00000)
  object space 22016K, 0% used [0x00000000e1c00000,0x00000000e1c00000,0x00000000e3180000)
 Metaspace       used 5852K, capacity 5980K, committed 6144K, reserved 1056768K
  class space    used 666K, capacity 692K, committed 768K, reserved 1048576K

Card table byte_map: [0x0000000011df0000,0x0000000011ef0000] byte_map_base: 0x00000000116e2000

Marking Bits: (ParMarkBitMap*) 0x0000000053ff2f70
 Begin Bits: [0x00000000122f0000, 0x0000000012a80000)
 End Bits:   [0x0000000012a80000, 0x0000000013210000)

Polling page: 0x00000000007a0000

CodeCache: size=245760Kb used=1733Kb max_used=1733Kb free=244026Kb
 bounds [0x0000000002a30000, 0x0000000002ca0000, 0x0000000011a30000]
 total_blobs=569 nmethods=265 adapters=217
 compilation: enabled

Compilation events (10 events):
Event: 0.966 Thread 0x00000000156ea800  261       3       sun.net.www.protocol.file.Handler::parseURL (18 bytes)
Event: 0.966 Thread 0x00000000156ea800 nmethod 261 0x0000000002bca050 code [0x0000000002bca1c0, 0x0000000002bca438]
Event: 0.966 Thread 0x00000000156ea800  262       3       java.net.URLStreamHandler::parseURL (1158 bytes)
Event: 0.980 Thread 0x00000000156ea800 nmethod 262 0x0000000002bca550 code [0x0000000002bcb060, 0x0000000002bd48f8]
Event: 0.980 Thread 0x00000000156ea800  265   !   3       java.net.URL::<init> (543 bytes)
Event: 0.985 Thread 0x00000000156ea800 nmethod 265 0x0000000002bdabd0 code [0x0000000002bdb0a0, 0x0000000002bde238]
Event: 0.985 Thread 0x00000000156ea800  263       3       java.net.URLStreamHandler::setURL (40 bytes)
Event: 0.985 Thread 0x00000000156ea800 nmethod 263 0x0000000002be0710 code [0x0000000002be08a0, 0x0000000002be0c58]
Event: 0.985 Thread 0x00000000156ea800  264   !   3       java.net.URL::set (114 bytes)
Event: 0.986 Thread 0x00000000156ea800 nmethod 264 0x0000000002be0dd0 code [0x0000000002be0fc0, 0x0000000002be1af8]

GC Heap History (0 events):
No events

Deoptimization events (1 events):
Event: 0.848 Thread 0x0000000002930800 Uncommon trap: reason=unstable_if action=reinterpret pc=0x0000000002bba084 method=org.sqlite.SQLiteJDBCLoader.contentsEquals(Ljava/io/InputStream;Ljava/io/InputStream;)Z @ 39

Internal exceptions (6 events):
Event: 0.032 Thread 0x0000000002930800 Exception <a 'java/lang/NoSuchMethodError': Method sun.misc.Unsafe.defineClass(Ljava/lang/String;[BII)Ljava/lang/Class; name or signature does not match> (0x00000000f5f07cc0) thrown at [C:\re\workspace\8-2-build-windows-amd64-cygwin\jdk8u91\6644\hotspot\sr3KCè†?
Event: 0.032 Thread 0x0000000002930800 Exception <a 'java/lang/NoSuchMethodError': Method sun.misc.Unsafe.prefetchRead(Ljava/lang/Object;J)V name or signature does not match> (0x00000000f5f07fa8) thrown at [C:\re\workspace\8-2-build-windows-amd64-cygwin\jdk8u91\6644\hotspot\src\share\vm\prims\j&◊†¢Í•‘?
Event: 0.323 Thread 0x0000000002930800 Exception <a 'java/security/PrivilegedActionException'> (0x00000000f60246d0) thrown at [C:\re\workspace\8-2-build-windows-amd64-cygwin\jdk8u91\6644\hotspot\src\share\vm\prims\jvm.cpp, line 1386]
Event: 0.323 Thread 0x0000000002930800 Exception <a 'java/security/PrivilegedActionException'> (0x00000000f60248e0) thrown at [C:\re\workspace\8-2-build-windows-amd64-cygwin\jdk8u91\6644\hotspot\src\share\vm\prims\jvm.cpp, line 1386]
Event: 0.324 Thread 0x0000000002930800 Exception <a 'java/security/PrivilegedActionException'> (0x00000000f6026e90) thrown at [C:\re\workspace\8-2-build-windows-amd64-cygwin\jdk8u91\6644\hotspot\src\share\vm\prims\jvm.cpp, line 1386]
Event: 0.324 Thread 0x0000000002930800 Exception <a 'java/security/PrivilegedActionException'> (0x00000000f60270a0) thrown at [C:\re\workspace\8-2-build-windows-amd64-cygwin\jdk8u91\6644\hotspot\src\share\vm\prims\jvm.cpp, line 1386]

Events (10 events):
Event: 0.967 loading class intel/rssdk/PXCMRangeF32
Event: 0.967 loading class intel/rssdk/PXCMRangeF32 done
Event: 0.967 loading class intel/rssdk/PXCMVideoModule$DeviceCap
Event: 0.968 loading class intel/rssdk/PXCMVideoModule$DeviceCap done
Event: 0.968 loading class intel/rssdk/PXCMCapture$Device$Property
Event: 0.968 loading class intel/rssdk/PXCMCapture$Device$Property done
Event: 0.970 loading class intel/rssdk/PXCMSenseManager$1
Event: 0.970 loading class intel/rssdk/PXCMSenseManager$1 done
Event: 0.971 loading class java/lang/NoSuchFieldError
Event: 0.971 loading class java/lang/NoSuchFieldError done


Dynamic libraries:
0x00007ff679d80000 - 0x00007ff679db7000 	D:\Java\JDK1.8\bin\javaw.exe
0x00007fff42150000 - 0x00007fff42312000 	C:\Windows\SYSTEM32\ntdll.dll
0x00007fff42030000 - 0x00007fff420dd000 	C:\Windows\system32\KERNEL32.DLL
0x00007fff3f600000 - 0x00007fff3f7dd000 	C:\Windows\system32\KERNELBASE.dll
0x00007fff3fd40000 - 0x00007fff3fde6000 	C:\Windows\system32\ADVAPI32.dll
0x00007fff401a0000 - 0x00007fff4023d000 	C:\Windows\system32\msvcrt.dll
0x00007fff40320000 - 0x00007fff4037b000 	C:\Windows\system32\sechost.dll
0x00007fff406c0000 - 0x00007fff407e6000 	C:\Windows\system32\RPCRT4.dll
0x00007fff3fbf0000 - 0x00007fff3fd3e000 	C:\Windows\system32\USER32.dll
0x00007fff41ea0000 - 0x00007fff42026000 	C:\Windows\system32\GDI32.dll
0x00007fff36b40000 - 0x00007fff36db4000 	C:\Windows\WinSxS\amd64_microsoft.windows.common-controls_6595b64144ccf1df_6.0.10240.16384_none_f41f7b285750ef43\COMCTL32.dll
0x00007fff3fe50000 - 0x00007fff3fe86000 	C:\Windows\system32\IMM32.DLL
0x00007fff40040000 - 0x00007fff4019c000 	C:\Windows\system32\MSCTF.dll
0x00007fff3ea30000 - 0x00007fff3ea61000 	C:\Windows\system32\nvinitx.dll
0x00007fff3ea20000 - 0x00007fff3ea2a000 	C:\Windows\SYSTEM32\VERSION.dll
0x0000000055450000 - 0x0000000055456000 	C:\Program Files\NVIDIA Corporation\CoProcManager\_etoured.dll
0x00007fff3c4c0000 - 0x00007fff3c4f3000 	C:\Program Files\NVIDIA Corporation\CoProcManager\nvd3d9wrapx.dll
0x00007fff3fa20000 - 0x00007fff3fbe5000 	C:\Windows\system32\SETUPAPI.dll
0x00007fff3f5b0000 - 0x00007fff3f5f4000 	C:\Windows\system32\CFGMGR32.dll
0x00007fff3c490000 - 0x00007fff3c4b2000 	C:\Program Files\NVIDIA Corporation\CoProcManager\nvdxgiwrapx.dll
0x00000000536c0000 - 0x0000000053792000 	D:\Java\JDK1.8\jre\bin\msvcr100.dll
0x00000000537e0000 - 0x0000000054073000 	D:\Java\JDK1.8\jre\bin\server\jvm.dll
0x00007fff40380000 - 0x00007fff40388000 	C:\Windows\system32\PSAPI.DLL
0x00007fff3add0000 - 0x00007fff3add9000 	C:\Windows\SYSTEM32\WSOCK32.dll
0x00007fff3ce50000 - 0x00007fff3ce73000 	C:\Windows\SYSTEM32\WINMM.dll
0x00007fff41e30000 - 0x00007fff41e99000 	C:\Windows\system32\WS2_32.dll
0x00007fff3fa10000 - 0x00007fff3fa18000 	C:\Windows\system32\NSI.dll
0x0000000000ae0000 - 0x0000000000b0c000 	C:\Windows\SYSTEM32\WINMMBASE.dll
0x00007fff3d460000 - 0x00007fff3d487000 	C:\Windows\SYSTEM32\DEVOBJ.dll
0x0000000054300000 - 0x000000005430f000 	D:\Java\JDK1.8\jre\bin\verify.dll
0x00000000542d0000 - 0x00000000542f9000 	D:\Java\JDK1.8\jre\bin\java.dll
0x00000000542b0000 - 0x00000000542c6000 	D:\Java\JDK1.8\jre\bin\zip.dll
0x00007fff408c0000 - 0x00007fff41e28000 	C:\Windows\system32\SHELL32.dll
0x0000000015060000 - 0x0000000015688000 	C:\Windows\system32\windows.storage.dll
0x00007fff40440000 - 0x00007fff406bc000 	C:\Windows\system32\combase.dll
0x00007fff407f0000 - 0x00007fff40841000 	C:\Windows\system32\shlwapi.dll
0x00007fff3eb60000 - 0x00007fff3eb6f000 	C:\Windows\system32\kernel.appcore.dll
0x00007fff3ebe0000 - 0x00007fff3ec93000 	C:\Windows\system32\shcore.dll
0x00007fff3eb70000 - 0x00007fff3ebba000 	C:\Windows\system32\powrprof.dll
0x00007fff3ebc0000 - 0x00007fff3ebd3000 	C:\Windows\system32\profapi.dll
0x00007fff40240000 - 0x00007fff402fe000 	C:\Windows\system32\OLEAUT32.dll
0x00007fff3e350000 - 0x00007fff3e367000 	C:\Windows\SYSTEM32\CRYPTSP.dll
0x00007fff3ea70000 - 0x00007fff3ea98000 	C:\Windows\SYSTEM32\bcrypt.dll
0x00007fff3dfa0000 - 0x00007fff3dfd3000 	C:\Windows\system32\rsaenh.dll
0x00007fff3e090000 - 0x00007fff3e0af000 	C:\Windows\SYSTEM32\USERENV.dll
0x00007fff3e910000 - 0x00007fff3e97b000 	C:\Windows\system32\bcryptprimitives.dll
0x00007fff3e500000 - 0x00007fff3e50b000 	C:\Windows\SYSTEM32\CRYPTBASE.dll
0x00000000537c0000 - 0x00000000537da000 	D:\Java\JDK1.8\jre\bin\net.dll
0x00007fff3e2f0000 - 0x00007fff3e34d000 	C:\Windows\system32\mswsock.dll
0x00007fff39970000 - 0x00007fff399a8000 	C:\Windows\SYSTEM32\IPHLPAPI.DLL
0x00007fff39960000 - 0x00007fff3996b000 	C:\Windows\SYSTEM32\WINNSI.DLL
0x00007fff370a0000 - 0x00007fff370b6000 	C:\Windows\SYSTEM32\dhcpcsvc6.DLL
0x00007fff395b0000 - 0x00007fff395ca000 	C:\Windows\SYSTEM32\dhcpcsvc.DLL
0x00000000537a0000 - 0x00000000537b1000 	D:\Java\JDK1.8\jre\bin\nio.dll
0x000000006d580000 - 0x000000006d63d000 	C:\Users\My\AppData\Local\Temp\sqlite-3.8.11.1-0869c5d8-4ebd-4a8e-9435-8d56d00218db-sqlitejdbc.dll
0x00007fff2d550000 - 0x00007fff2d5ad000 	D:\Java\JDK1.8\bin\libpxcclr.jni64.dll
0x00007fff26f80000 - 0x00007fff2703a000 	C:\Program Files\Common Files\Intel\RSSDK\v8\bin\x64\libpxcsession.dll
0x00007fff3f7e0000 - 0x00007fff3f921000 	C:\Windows\system32\ole32.dll
0x00007fff25e40000 - 0x00007fff25ea3000 	C:\Program Files\Common Files\Intel\RSSDK\v8\bin\x64\tbb.dll
0x00007fff25910000 - 0x00007fff259e4000 	C:\Windows\SYSTEM32\MSVCR110.dll
0x00007fff24f80000 - 0x00007fff25027000 	C:\Windows\SYSTEM32\MSVCP110.dll
0x00007fff236b0000 - 0x00007fff238bb000 	C:\Program Files\Common Files\Intel\RSSDK\v8\bin\x64\libpxccore.dll
0x00007fff3e6b0000 - 0x00007fff3e6dc000 	C:\Windows\SYSTEM32\SspiCli.dll
0x00007fff233c0000 - 0x00007fff234c1000 	C:\Program Files\Common Files\Intel\RSSDK\v8\bin\x64\intel-ias2.dll
0x00007fff2eda0000 - 0x00007fff2eded000 	C:\Program Files\Common Files\Intel\RSSDK\v8\bin\x64\libpxclanternrock.dll
0x00007fff22f90000 - 0x00007fff230a9000 	C:\Program Files\Common Files\Intel\RSSDK\v8\bin\x64\libpxcpipelineutils.dll
0x00007fff22e70000 - 0x00007fff22f8f000 	C:\Program Files\Common Files\Intel\RSDCM\bin\x64\IVCAM_DLL.dll
0x00007fff25830000 - 0x00007fff258c0000 	C:\Windows\SYSTEM32\MF.dll
0x00007fff348d0000 - 0x00007fff349dc000 	C:\Windows\SYSTEM32\MFPlat.DLL
0x00007fff25060000 - 0x00007fff250ca000 	C:\Windows\SYSTEM32\MFReadWrite.dll
0x00007fff25ae0000 - 0x00007fff25b38000 	C:\Windows\SYSTEM32\newdev.dll
0x00007fff35580000 - 0x00007fff3558b000 	C:\Windows\SYSTEM32\WINUSB.DLL
0x00007fff3d3c0000 - 0x00007fff3d456000 	C:\Windows\SYSTEM32\UxTheme.dll
0x00007fff22c10000 - 0x00007fff22e67000 	C:\Windows\SYSTEM32\MFCORE.DLL
0x00007fff2ed10000 - 0x00007fff2ed23000 	C:\Windows\SYSTEM32\devrtl.DLL
0x00007fff39ad0000 - 0x00007fff39ad8000 	C:\Windows\SYSTEM32\ksuser.dll
0x00007fff348a0000 - 0x00007fff348d0000 	C:\Windows\SYSTEM32\RTWorkQ.DLL
0x00007fff39ac0000 - 0x00007fff39acb000 	C:\Windows\SYSTEM32\AVRT.dll
0x0000000180000000 - 0x000000018014c000 	C:\Program Files\Common Files\Intel\RSSDK\v8\bin\x64\face3d_idc\libiomp5md.dll
0x00007fff1dbe0000 - 0x00007fff1e053000 	C:\Program Files\Common Files\Intel\RSDCM\bin\x64\libpxccamera_dcm_f200.dll
0x00007fff37860000 - 0x00007fff378e4000 	C:\Windows\SYSTEM32\WINSPOOL.DRV
0x00007fff37b50000 - 0x00007fff37b57000 	C:\Windows\SYSTEM32\MSIMG32.dll
0x00007fff377f0000 - 0x00007fff37859000 	C:\Windows\SYSTEM32\OLEACC.dll
0x00007fff378f0000 - 0x00007fff37a98000 	C:\Windows\WinSxS\amd64_microsoft.windows.gdiplus_6595b64144ccf1df_1.1.10240.16603_none_89ad014f9af1a159\gdiplus.dll
0x00007fff16eb0000 - 0x00007fff1c4b7000 	C:\Program Files\Common Files\Intel\RSSDK\v8\bin\x64\face3d_idc\libpxcface_idc.dll
0x00007fff40390000 - 0x00007fff40435000 	C:\Windows\system32\clbcatq.dll
0x00007fff339c0000 - 0x00007fff339da000 	C:\Program Files\Common Files\Intel\RSDCM\bin\x64\RealSenseDCMPS.dll
0x00007fff24ef0000 - 0x00007fff24f80000 	C:\Program Files\Common Files\Intel\RSSDK\v8\bin\x64\libpxccamera_mf.dll
0x00007fff2f250000 - 0x00007fff2f263000 	C:\Program Files\Common Files\Intel\RSSDK\v8\bin\x64\libpxcpowermanager.dll
0x00007fff1d9a0000 - 0x00007fff1dbd7000 	C:\Windows\System32\msxml3.dll
0x00007fff37520000 - 0x00007fff376b6000 	C:\Windows\SYSTEM32\urlmon.dll
0x00007fff37cf0000 - 0x00007fff38066000 	C:\Windows\SYSTEM32\iertutil.dll
0x00007fff37140000 - 0x00007fff37401000 	C:\Windows\SYSTEM32\wininet.dll
0x00007fff2ce70000 - 0x00007fff2d374000 	C:\Windows\system32\SOGOUPY.IME
0x00007fff3de20000 - 0x00007fff3de52000 	C:\Windows\SYSTEM32\ntmarta.dll
0x00007fff3c330000 - 0x00007fff3c352000 	C:\Windows\SYSTEM32\dwmapi.dll
0x00007fff3ef20000 - 0x00007fff3ef74000 	C:\Windows\system32\WINTRUST.dll
0x00007fff3eb40000 - 0x00007fff3eb51000 	C:\Windows\system32\MSASN1.dll
0x00007fff3eca0000 - 0x00007fff3ee61000 	C:\Windows\system32\CRYPT32.dll
0x00007fff2ba00000 - 0x00007fff2bad1000 	C:\Program Files (x86)\SogouInput\Components\PicFace\1.0.0.730\PicFace64.dll
0x00007fff3ac40000 - 0x00007fff3adca000 	C:\Windows\SYSTEM32\dbghelp.dll

VM Arguments:
jvm_args: -Dfile.encoding=GBK 
java_command: kr.ac.snu.ads.facetracking.FaceTrackingMain
java_class_path (initial): E:\IntelRealSense\Projects\FaceTracking_java\bin;E:\IntelRealSense\Projects\FaceTracking_java\lib\unirest-java.jar;D:\eclipse\plugins\org.junit_4.12.0.v201504281640\junit.jar;D:\eclipse\plugins\org.hamcrest.core_1.3.0.v201303031735.jar;E:\IntelRealSense\Projects\FaceTracking_java\lib\httpclient\4.3.6\httpclient-4.3.6.jar;E:\IntelRealSense\Projects\FaceTracking_java\lib\httpcore\4.3.3\httpcore-4.3.3.jar;E:\IntelRealSense\Projects\FaceTracking_java\lib\httpasyncclient\4.0.2\httpasyncclient-4.0.2.jar;E:\IntelRealSense\Projects\FaceTracking_java\lib\httpcore-nio\4.3.2\httpcore-nio-4.3.2.jar;E:\IntelRealSense\Projects\FaceTracking_java\lib\httpmime\4.3.6\httpmime-4.3.6.jar;E:\IntelRealSense\Projects\FaceTracking_java\lib\json\20140107\json-20140107.jar;E:\IntelRealSense\Projects\FaceTracking_java\lib\commons-logging\1.1.3\commons-logging-1.1.3.jar;E:\IntelRealSense\Projects\FaceTracking_java\lib\sqlite-jdbc-3.8.11.1.jar;E:\RealSenseCamera\RealSDK\RSSDK\framework\Java\DF_FaceTracking\libpxcclr.java.jar
Launcher Type: SUN_STANDARD

Environment Variables:
JAVA_HOME=D:\Java\JDK1.8
CLASSPATH=.;D:\Java\JDK1.8\lib\dt.jar;D:\Java\JDK1.8\lib\tools.jar;D:\Java\JDK1.8\lib;D:\Java\JDK1.8\lib\libpxcclr.java.jar
PATH=D:/Java/JDK1.8/bin/../jre/bin/server;D:/Java/JDK1.8/bin/../jre/bin;D:/Java/JDK1.8/bin/../jre/lib/amd64;C:\Windows\system32;C:\Windows;C:\Windows\System32\Wbem;C:\Windows\System32\WindowsPowerShell\v1.0\;D:\Java\JDK1.8\bin;D:\Java\jre1.8\bin;D:\eclipse;
USERNAME=My
OS=Windows_NT
PROCESSOR_IDENTIFIER=Intel64 Family 6 Model 58 Stepping 9, GenuineIntel



---------------  S Y S T E M  ---------------

OS: Windows 10.0 , 64 bit Build 10240 (10.0.10240.16384)

CPU:total 4 (2 cores per cpu, 2 threads per core) family 6 model 58 stepping 9, cmov, cx8, fxsr, mmx, sse, sse2, sse3, ssse3, sse4.1, sse4.2, popcnt, avx, aes, clmul, erms, ht, tsc, tscinvbit, tscinv

Memory: 4k page, physical 1980192k(664612k free), swap 4806948k(2535044k free)

vm_info: Java HotSpot(TM) 64-Bit Server VM (25.91-b14) for windows-amd64 JRE (1.8.0_91-b14), built on Apr  1 2016 00:58:32 by "java_re" with MS VC++ 10.0 (VS2010)

time: Fri May 20 11:33:08 2016
elapsed time: 2 seconds (0d 0h 0m 2s)

