#
# A fatal error has been detected by the Java Runtime Environment:
#
#  EXCEPTION_ACCESS_VIOLATION (0xc0000005) at pc=0x0000000053928f8d, pid=3896, tid=4456
#
# JRE version: Java(TM) SE Runtime Environment (8.0_91-b14) (build 1.8.0_91-b14)
# Java VM: Java HotSpot(TM) 64-Bit Server VM (25.91-b14 mixed mode windows-amd64 compressed oops)
# Problematic frame:
# V  [jvm.dll+0x148f8d]
#
# Failed to write core dump. Minidumps are not enabled by default on client versions of Windows
#
# If you would like to submit a bug report, please visit:
#   http://bugreport.java.com/bugreport/crash.jsp
#

---------------  T H R E A D  ---------------

Current thread (0x000000001608c800):  JavaThread "pool-1-thread-1" [_thread_in_vm, id=4456, stack(0x0000000016890000,0x0000000016990000)]

siginfo: ExceptionCode=0xc0000005, reading address 0x0000000000000000

Registers:
RAX=0x0000000000000000, RBX=0x000000001608c800, RCX=0x0000000000000c80, RDX=0x0000000016165808
RSP=0x000000001698e9e0, RBP=0x000000001698ead8, RSI=0x0000000000000000, RDI=0x000000001608c9f8
R8 =0x0000000000000000, R9 =0x000000001698ead8, R10=0x00007fff2f285440, R11=0x0000000053f77d50
R12=0x0000000016165808, R13=0x0000000000000030, R14=0x0000000000000000, R15=0x0000000000000000
RIP=0x0000000053928f8d, EFLAGS=0x0000000000010246

Top of Stack: (sp=0x000000001698e9e0)
0x000000001698e9e0:   000000005d527815 00000000539f4dfc
0x000000001698e9f0:   0000000000000000 000000001608c800
0x000000001698ea00:   000000001618b710 000000001698ea50
0x000000001698ea10:   000000001608c800 00000000de2d761f
0x000000001698ea20:   0000000000000004 00000000539f4d22
0x000000001698ea30:   000000001608c800 0000000000000000
0x000000001698ea40:   00000000f64371c8 0000000053925c45
0x000000001698ea50:   00000000f640fef0 00000000539239ae
0x000000001698ea60:   0000000016187070 000000001608c800
0x000000001698ea70:   000000001698eba4 000000001698eae0
0x000000001698ea80:   000000001608c9f8 00007fff2f24361b
0x000000001698ea90:   0000000000000000 000000001698eba4
0x000000001698eaa0:   0000000016165808 00007fff2f285400
0x000000001698eab0:   000000001698ead8 00007fff2f2496ed
0x000000001698eac0:   0000000000000000 000000001698eba4
0x000000001698ead0:   0000000000000000 0000000016165810 

Instructions: (pc=0x0000000053928f8d)
0x0000000053928f6d:   00 48 83 7b 08 00 48 89 5c 24 50 48 c7 44 24 58
0x0000000053928f7d:   00 00 00 00 74 0a 48 8d 4c 24 50 e8 f3 0c 13 00
0x0000000053928f8d:   48 8b 06 c7 44 24 40 04 00 00 00 48 8d 4c 24 70
0x0000000053928f9d:   48 8b 50 08 0f b7 42 24 48 8b 52 08 48 8b 54 c2 


Register to memory mapping:

RAX=0x0000000000000000 is an unknown value
RBX=0x000000001608c800 is a thread
RCX=0x0000000000000c80 is an unknown value
RDX=0x0000000016165808 is an unknown value
RSP=0x000000001698e9e0 is pointing into the stack for thread: 0x000000001608c800
RBP=0x000000001698ead8 is pointing into the stack for thread: 0x000000001608c800
RSI=0x0000000000000000 is an unknown value
RDI=0x000000001608c9f8 is an unknown value
R8 =0x0000000000000000 is an unknown value
R9 =0x000000001698ead8 is pointing into the stack for thread: 0x000000001608c800
R10=0x00007fff2f285440 is an unknown value
R11=0x0000000053f77d50 is an unknown value
R12=0x0000000016165808 is an unknown value
R13=0x0000000000000030 is an unknown value
R14=0x0000000000000000 is an unknown value
R15=0x0000000000000000 is an unknown value


Stack: [0x0000000016890000,0x0000000016990000],  sp=0x000000001698e9e0,  free space=1018k
Native frames: (J=compiled Java code, j=interpreted, Vv=VM code, C=native code)
V  [jvm.dll+0x148f8d]
C  [libpxcclr.jni64.dll+0x361b]
C  [libpxcclr.jni64.dll+0x96ed]
C  [libpxcclr.jni64.dll+0x1366b]
C  0x0000000002f27f54

Java frames: (J=compiled Java code, j=interpreted, Vv=VM code)
j  intel.rssdk.PXCMSenseManager.PXCMSenseManager_EnableModule(JILintel/rssdk/PXCMSession$ImplDesc;)Lintel/rssdk/pxcmStatus;+0
j  intel.rssdk.PXCMSenseManager.EnableModule(ILintel/rssdk/PXCMSession$ImplDesc;)Lintel/rssdk/pxcmStatus;+6
j  intel.rssdk.PXCMSenseManager.EnableFace(Ljava/lang/String;)Lintel/rssdk/pxcmStatus;+29
j  kr.ac.snu.ads.facetracking.VieweeCounter.run()V+6
j  java.util.concurrent.ThreadPoolExecutor.runWorker(Ljava/util/concurrent/ThreadPoolExecutor$Worker;)V+95
j  java.util.concurrent.ThreadPoolExecutor$Worker.run()V+5
j  java.lang.Thread.run()V+11
v  ~StubRoutines::call_stub

---------------  P R O C E S S  ---------------

Java Threads: ( => current thread )
  0x0000000002e10800 JavaThread "DestroyJavaVM" [_thread_blocked, id=3912, stack(0x00000000028d0000,0x00000000029d0000)]
  0x0000000016179800 JavaThread "pool-1-thread-2" [_thread_in_vm, id=4112, stack(0x0000000016990000,0x0000000016a90000)]
=>0x000000001608c800 JavaThread "pool-1-thread-1" [_thread_in_vm, id=4456, stack(0x0000000016890000,0x0000000016990000)]
  0x0000000015f19000 JavaThread "Service Thread" daemon [_thread_blocked, id=1620, stack(0x0000000016490000,0x0000000016590000)]
  0x0000000015e97000 JavaThread "C1 CompilerThread2" daemon [_thread_blocked, id=1056, stack(0x0000000016390000,0x0000000016490000)]
  0x00000000141ed000 JavaThread "C2 CompilerThread1" daemon [_thread_blocked, id=1572, stack(0x0000000016290000,0x0000000016390000)]
  0x00000000141eb000 JavaThread "C2 CompilerThread0" daemon [_thread_blocked, id=3880, stack(0x0000000015d90000,0x0000000015e90000)]
  0x00000000141e9800 JavaThread "Attach Listener" daemon [_thread_blocked, id=5208, stack(0x0000000015c90000,0x0000000015d90000)]
  0x00000000141e8800 JavaThread "Signal Dispatcher" daemon [_thread_blocked, id=2180, stack(0x0000000015b90000,0x0000000015c90000)]
  0x0000000002f0b000 JavaThread "Finalizer" daemon [_thread_blocked, id=2436, stack(0x0000000015400000,0x0000000015500000)]
  0x0000000002f00000 JavaThread "Reference Handler" daemon [_thread_blocked, id=2776, stack(0x0000000015300000,0x0000000015400000)]

Other Threads:
  0x0000000014157000 VMThread [stack: 0x0000000015200000,0x0000000015300000] [id=1408]
  0x0000000015f52800 WatcherThread [stack: 0x0000000016590000,0x0000000016690000] [id=2768]

VM state:not at safepoint (normal execution)

VM Mutex/Monitor currently owned by a thread:  ([mutex/lock_event])
[0x0000000002aac6c0] AdapterHandlerLibrary_lock - owner thread: 0x0000000016179800

Heap:
 PSYoungGen      total 9728K, used 5508K [0x00000000f5f00000, 0x00000000f6980000, 0x0000000100000000)
  eden space 8704K, 63% used [0x00000000f5f00000,0x00000000f6461050,0x00000000f6780000)
  from space 1024K, 0% used [0x00000000f6880000,0x00000000f6880000,0x00000000f6980000)
  to   space 1024K, 0% used [0x00000000f6780000,0x00000000f6780000,0x00000000f6880000)
 ParOldGen       total 22016K, used 0K [0x00000000e1c00000, 0x00000000e3180000, 0x00000000f5f00000)
  object space 22016K, 0% used [0x00000000e1c00000,0x00000000e1c00000,0x00000000e3180000)
 Metaspace       used 5779K, capacity 5916K, committed 6144K, reserved 1056768K
  class space    used 651K, capacity 692K, committed 768K, reserved 1048576K

Card table byte_map: [0x00000000122d0000,0x00000000123d0000] byte_map_base: 0x0000000011bc2000

Marking Bits: (ParMarkBitMap*) 0x0000000053ff2f70
 Begin Bits: [0x00000000127d0000, 0x0000000012f60000)
 End Bits:   [0x0000000012f60000, 0x00000000136f0000)

Polling page: 0x0000000001040000

CodeCache: size=245760Kb used=1587Kb max_used=1589Kb free=244173Kb
 bounds [0x0000000002f10000, 0x0000000003180000, 0x0000000011f10000]
 total_blobs=550 nmethods=248 adapters=215
 compilation: enabled

Compilation events (10 events):
Event: 0.544 Thread 0x0000000015e97000  237       3       sun.misc.URLClassPath::getResource (83 bytes)
Event: 0.544 Thread 0x0000000015e97000 nmethod 237 0x0000000003098910 code [0x0000000003098aa0, 0x0000000003098e68]
Event: 0.545 Thread 0x00000000141eb000  238       4       java.lang.String::indexOf (166 bytes)
Event: 0.546 Thread 0x0000000015e97000  239       3       java.io.InputStream::<init> (5 bytes)
Event: 0.546 Thread 0x0000000015e97000 nmethod 239 0x0000000003098510 code [0x0000000003098680, 0x0000000003098830]
Event: 0.546 Thread 0x00000000141ed000  240       4       java.lang.Math::min (11 bytes)
Event: 0.547 Thread 0x00000000141ed000 nmethod 240 0x0000000003099750 code [0x0000000003099880, 0x00000000030998d8]
Event: 0.554 Thread 0x00000000141eb000 nmethod 238 0x000000000309c690 code [0x000000000309c7e0, 0x000000000309ccf8]
Event: 0.562 Thread 0x00000000141ed000  242       4       java.util.concurrent.ConcurrentHashMap::setTabAt (19 bytes)
Event: 0.563 Thread 0x00000000141ed000 nmethod 242 0x000000000309d250 code [0x000000000309d380, 0x000000000309d3f8]

GC Heap History (0 events):
No events

Deoptimization events (1 events):
Event: 0.503 Thread 0x0000000002e10800 Uncommon trap: reason=unstable_if action=reinterpret pc=0x0000000003090a44 method=org.sqlite.SQLiteJDBCLoader.contentsEquals(Ljava/io/InputStream;Ljava/io/InputStream;)Z @ 39

Internal exceptions (6 events):
Event: 0.034 Thread 0x0000000002e10800 Exception <a 'java/lang/NoSuchMethodError': Method sun.misc.Unsafe.defineClass(Ljava/lang/String;[BII)Ljava/lang/Class; name or signature does not match> (0x00000000f5f07cc0) thrown at [C:\re\workspace\8-2-build-windows-amd64-cygwin\jdk8u91\6644\hotspot\srì‚Jàzé°?
Event: 0.034 Thread 0x0000000002e10800 Exception <a 'java/lang/NoSuchMethodError': Method sun.misc.Unsafe.prefetchRead(Ljava/lang/Object;J)V name or signature does not match> (0x00000000f5f07fa8) thrown at [C:\re\workspace\8-2-build-windows-amd64-cygwin\jdk8u91\6644\hotspot\src\share\vm\prims\jgí`∏E)∆?
Event: 0.173 Thread 0x0000000002e10800 Exception <a 'java/security/PrivilegedActionException'> (0x00000000f6024290) thrown at [C:\re\workspace\8-2-build-windows-amd64-cygwin\jdk8u91\6644\hotspot\src\share\vm\prims\jvm.cpp, line 1386]
Event: 0.173 Thread 0x0000000002e10800 Exception <a 'java/security/PrivilegedActionException'> (0x00000000f60244a0) thrown at [C:\re\workspace\8-2-build-windows-amd64-cygwin\jdk8u91\6644\hotspot\src\share\vm\prims\jvm.cpp, line 1386]
Event: 0.174 Thread 0x0000000002e10800 Exception <a 'java/security/PrivilegedActionException'> (0x00000000f6026a50) thrown at [C:\re\workspace\8-2-build-windows-amd64-cygwin\jdk8u91\6644\hotspot\src\share\vm\prims\jvm.cpp, line 1386]
Event: 0.174 Thread 0x0000000002e10800 Exception <a 'java/security/PrivilegedActionException'> (0x00000000f6026c60) thrown at [C:\re\workspace\8-2-build-windows-amd64-cygwin\jdk8u91\6644\hotspot\src\share\vm\prims\jvm.cpp, line 1386]

Events (10 events):
Event: 0.550 loading class intel/rssdk/PXCMCapture$Device$StreamOption
Event: 0.550 loading class intel/rssdk/PXCMCapture$Device$StreamOption done
Event: 0.562 loading class intel/rssdk/PXCMSession$ImplDesc
Event: 0.562 loading class intel/rssdk/PXCMSession$ImplDesc done
Event: 0.563 loading class java/util/EnumSet
Event: 0.563 loading class java/util/EnumSet done
Event: 0.563 loading class java/util/RegularEnumSet
Event: 0.564 loading class java/util/RegularEnumSet done
Event: 0.564 loading class intel/rssdk/PXCMSession$ImplVersion
Event: 0.564 loading class intel/rssdk/PXCMSession$ImplVersion done


Dynamic libraries:
0x00007ff679d80000 - 0x00007ff679db7000 	D:\Java\JDK1.8\bin\javaw.exe
0x00007fff42150000 - 0x00007fff42312000 	C:\Windows\SYSTEMe\bntdll.dll
0x00007fff42030000 - 0x00007fff420dd000 	C:\Windows\system32\KERNEL32.DLL
0x00007fff3f600000 - 0x00007fff3f7dd000 	C:\Windows\system32\KERNELBASE.dll
0x00007fff3fd40000 - 0x00007fff3fde6000 	C:\Windows\system32\ADVAPI32.dll
0x00007fff401a0000 - 0x00007fff4023d000 	C:\Windows\system32\msvcrt.dll
0x00007fff40320000 - 0x00007fff4037b000 	C:\Windows\system32\sechost.dll
0x00007fff406c0000 - 0x00007fff407e6000 	C:\Windows\system32\RPCRT4.dll
0x00007fff3fbf0000 - 0x00007fff3fd3e000 	C:\Windows\system32\USER32.dll
0x00007fff41ea0000 - 0x00007fff42026000 	C:\Windows\system32\GDI32.dll
0x00007fff36b40000 - 0x00007fff36db4000 	C:\Windows\SYSTEM32\ntdll.dll
0x00007fff3fe50000 - 0x00007fff3fe86000 	C:\Windows\system32\msvcrt.dll
0x00007fff40040000 - 0x00007fff4019c000 	C:\Windows\system32\RPCRT4.dll
0x00007fff3ea30000 - 0x00007fff3ea61000 	C:\Windows\WinSxS\amd64_microsoft.windows.common-controls_6595b64144ccf1df_6.0.10240.16384_none_f41f7b285750ef43\COMCTL32.dll
0x00007fff3ea20000 - 0x00007fff3ea2a000 	C:\Windows\system32\nvinitx.dll
0x0000000055450000 - 0x0000000055456000 	C:\Program Files\NVIDIA Corporation\CoProcManager\_etoured.dll
0x00007fff3c4c0000 - 0x00007fff3c4f3000 	C:\Windows\system32\SETUPAPI.dll0x00007fff3fa20000 - 0x00007fff3fbe5000 	C:\Windows\system32\SETUPAPI.dll
0x00007fff3f5b0000 - 0x00007fff3f5f4000 	D:\Java\JDK1.8\jre\bin\msvcr100.dll
0x00007fff3c490000 - 0x00007fff3c4b2000 	C:\Program Files\NVIDIA Corporation\CoProcManager\nvdxgiwrapx.dll
0x0000000053700000 - 0x00000000537d2000 	C:\Windows\SYSTEM32\WSOCK32.dll
0x00000000537e0000 - 0x0000000054073000 	D:\Java\JDK1.8\jre\bin\server\jvm.dll
0x00007fff40380000 - 0x00007fff40388000 	C:\Windows\system32\NSI.dll
0x00007fff3add0000 - 0x00007fff3add9000 	C:\Windows\SYSTEM32\WSOCK32.dll
0x00007fff3ce50000 - 0x00007fff3ce73000 	C:\Windows\SYSTEM32\WINMM.dll
0x00007fff41e30000 - 0x00007fff41e99000 	D:\Java\JDK1.8\jre\bin\java.dll
0x00007fff3fa10000 - 0x00007fff3fa18000 	C:\Windows\system32\NSI.dll
0x00007fff3cbe0000 - 0x00007fff3cc0c000 	C:\Windows\SYSTEM32\WINMMBASE.dll
0x00007fff3d460000 - 0x00007fff3d487000 	C:\Windows\system32\KERNEL32.DLL
0x00000000543e0000 - 0x00000000543ef000 	C:\Windows\system32\RPCRT4.dll
0x00000000543b0000 - 0x00000000543d9000 	C:\Windows\WinSxS\amd64_microsoft.windows.common-controls_6595b64144ccf1df_6.0.10240.16384_none_f41f7b285750ef43\COMCTL32.dll
0x0000000054390000 - 0x00000000543a6000 	C:\Windows\system32\nvinitx.dll
0x00007fff408c0000 - 0x00007fff41e28000 	C:\Program Files\NVIDIA Corporation\CoProcManager\nvd3d9wrapx.dll
0x0000000015560000 - 0x0000000015b88000 	C:\Windows\system32\CFGMGR32.dll
0x00007fff40440000 - 0x00007fff406bc000 	C:\Windows\system32\combase.dll
0x00007fff407f0000 - 0x00007fff40841000 	C:\Windows\SYSTEM32\WSOCK32.dll
0x00007fff3eb60000 - 0x00007fff3eb6f000 	C:\Windows\system32\kernel.appcore.dll
0x00007fff3ebe0000 - 0x00007fff3ec93000 	C:\Windows\system32\shcore.dll
0x00007fff3eb70000 - 0x00007fff3ebba000 	C:\Windows\SYSTEM32\DEVOBJ.dll
0x00007fff3ebc0000 - 0x00007fff3ebd3000 	D:\Java\JDK1.8\jre\bin\java.dll
0x00007fff40240000 - 0x00007fff402fe000 	C:\Windows\system32\OLEAUT32.dll
0x00007fff3e350000 - 0x00007fff3e367000 	C:\Windows\SYSTEM32\CRYPTSP.dll
0x00007fff3ea70000 - 0x00007fff3ea98000 	C:\Windows\SYSTEM32\bcrypt.dll
0x00007fff3dfa0000 - 0x00007fff3dfd3000 	C:\Windows\system32\rsaenh.dll
0x00007fff3e090000 - 0x00007fff3e0af000 	C:\Windows\SYSTEM32\USERENV.dll
0x00007fff3e910000 - 0x00007fff3e97b000 	C:\Windows\system32\bcryptprimitives.dll
0x00007fff3e500000 - 0x00007fff3e50b000 	C:\Windows\SYSTEM32\CRYPTBASE.dll
0x0000000054370000 - 0x000000005438a000 	D:\Java\JDK1.8\jre\bin\net.dll
0x00007fff3e2f0000 - 0x00007fff3e34d000 	C:\Windows\system32\mswsock.dll
0x00007fff39970000 - 0x00007fff399a8000 	C:\Windows\SYSTEM32\IPHLPAPI.DLL
0x00007fff39960000 - 0x00007fff3996b000 	C:\Windows\SYSTEM32\WINNSI.DLL
0x00007fff370a0000 - 0x00007fff370b6000 	C:\Windows\SYSTEM32\dhcpcsvc6.DLL
0x00007fff395b0000 - 0x00007fff395ca000 	C:\Windows\SYSTEM32\dhcpcsvc.DLL
0x0000000054350000 - 0x0000000054361000 	D:\Java\JDK1.8\jre\bin\nio.dll
0x000000006d580000 - 0x000000006d63d000 	C:\Users\My\AppData\Local\Temp\sqlite-3.8.11.1-7613eae1-31c5-4e2b-988c-cc9029bb8f99-sqlitejdbc.dll
0x00007fff2f240000 - 0x00007fff2f29d000 	D:\Java\JDK1.8\bin\libpxcclr.jni64.dll
0x00007fff25930000 - 0x00007fff259ea000 	C:\Program Files\Common Files\Intel\RSSDK\v8\bin\x64\libpxcsession.dll
0x00007fff3f7e0000 - 0x00007fff3f921000 	C:\Windows\system32\ole32.dll
0x00007fff25850000 - 0x00007fff258b3000 	C:\Program Files\Common Files\Intel\RSSDK\v8\bin\x64\tbb.dll
0x00007fff24f80000 - 0x00007fff25027000 	C:\Windows\SYSTEM32\MSVCP110.dll
0x00007fff23ca0000 - 0x00007fff23d74000 	C:\Windows\SYSTEM32\MSVCR110.dll
0x00007fff22a00000 - 0x00007fff22c0b000 	C:\Program Files\Common Files\Intel\RSSDK\v8\bin\x64\libpxccore.dll
0x00007fff3e6b0000 - 0x00007fff3e6dc000 	C:\Windows\SYSTEM32\SspiCli.dll
0x00007fff237b0000 - 0x00007fff238b1000 	C:\Program Files\Common Files\Intel\RSSDK\v8\bin\x64\intel-ias2.dll
0x00007fff2eda0000 - 0x00007fff2eded000 	C:\Program Files\Common Files\Intel\RSSDK\v8\bin\x64\libpxclanternrock.dll
0x00007fff233b0000 - 0x00007fff234c9000 	C:\Program Files\Common Files\Intel\RSSDK\v8\bin\x64\libpxcpipelineutils.dll
0x00007fff1fc50000 - 0x00007fff1fd6f000 	C:\Program Files\Common Files\Intel\RSDCM\bin\x64\IVCAM_DLL.dll
0x00007fff348d0000 - 0x00007fff349dc000 	C:\Windows\SYSTEM32\MFPlat.DLL
0x00007fff25060000 - 0x00007fff250ca000 	C:\Windows\SYSTEM32\MFReadWrite.dll
0x00007fff24ef0000 - 0x00007fff24f80000 	C:\Windows\SYSTEM32\MF.dll
0x00007fff25ae0000 - 0x00007fff25b38000 	C:\Windows\SYSTEM32\newdev.dll
0x00007fff3cb40000 - 0x00007fff3cb4b000 	C:\Windows\SYSTEM32\WINUSB.DLL
0x00007fff3d3c0000 - 0x00007fff3d456000 	C:\Windows\SYSTEM32\UxTheme.dll
0x00007fff1c670000 - 0x00007fff1c8c7000 	C:\Windows\SYSTEM32\MFCORE.DLL
0x00007fff2ed10000 - 0x00007fff2ed23000 	C:\Windows\SYSTEM32\devrtl.DLL
0x00007fff39ad0000 - 0x00007fff39ad8000 	C:\Windows\SYSTEM32\ksuser.dll
0x00007fff348a0000 - 0x00007fff348d0000 	C:\Windows\SYSTEM32\RTWorkQ.DLL
0x00007fff39ac0000 - 0x00007fff39acb000 	C:\Windows\SYSTEM32\AVRT.dll
0x00007fff3ac40000 - 0x00007fff3adca000 	C:\Windows\SYSTEM32\dbghelp.dll
0x00007fff1c1f0000 - 0x00007fff1c663000 	C:\Program Files\Common Files\Intel\RSDCM\bin\x64\libpxccamera_dcm_f200.dll
0x00007fff37860000 - 0x00007fff378e4000 	C:\Windows\SYSTEM32\WINSPOOL.DRV
0x00007fff37b50000 - 0x00007fff37b57000 	C:\Windows\SYSTEM32\MSIMG32.dll
0x00007fff377f0000 - 0x00007fff37859000 	C:\Windows\SYSTEM32\OLEACC.dll
0x00007fff378f0000 - 0x00007fff37a98000 	C:\Windows\WinSxS\amd64_microsoft.windows.gdiplus_6595b64144ccf1df_1.1.10240.16603_none_89ad014f9af1a159\gdiplus.dll
0x00007fff40390000 - 0x00007fff40435000 	C:\Windows\system32\clbcatq.dll
0x00007fff2e9d0000 - 0x00007fff2e9ea000 	C:\Program Files\Common Files\Intel\RSDCM\bin\x64\RealSenseDCMPS.dll

VM Arguments:
jvm_args: -Dfile.encoding=GBK 
java_command: kr.ac.snu.ads.facetracking.FaceTrackingMain
java_class_path (initial): E:\IntelRealSense\Projects\FaceTracking_java\bin;E:\IntelRealSense\Projects\FaceTracking_java\lib\unirest-java.jar;D:\eclipse\plugins\org.junit_4.12.0.v201504281640\junit.jar;D:\eclipse\plugins\org.hamcrest.core_1.3.0.v201303031735.jar;E:\IntelRealSense\Projects\FaceTracking_java\lib\httpclient\4.3.6\httpclient-4.3.6.jar;E:\IntelRealSense\Projects\FaceTracking_java\lib\httpcore\4.3.3\httpcore-4.3.3.jar;E:\IntelRealSense\Projects\FaceTracking_java\lib\httpasyncclient\4.0.2\httpasyncclient-4.0.2.jar;E:\IntelRealSense\Projects\FaceTracking_java\lib\httpcore-nio\4.3.2\httpcore-nio-4.3.2.jar;E:\IntelRealSense\Projects\FaceTracking_java\lib\httpmime\4.3.6\httpmime-4.3.6.jar;E:\IntelRealSense\Projects\FaceTracking_java\lib\json\20140107\json-20140107.jar;E:\IntelRealSense\Projects\FaceTracking_java\lib\commons-logging\1.1.3\commons-logging-1.1.3.jar;E:\IntelRealSense\Projects\FaceTracking_java\lib\sqlite-jdbc-3.8.11.1.jar;E:\RealSenseCamera\RealSDK\RSSDK\framework\Java\DF_FaceTracking\libpxcclr.java.jar
Launcher Type: SUN_STANDARD

Environment Variables:
JAVA_HOME=D:\Java\JDK1.8
CLASSPATH=.;D:\Java\JDK1.8\lib\dt.jar;D:\Java\JDK1.8\lib\tools.jar;D:\Java\JDK1.8\lib;D:\Java\JDK1.8\lib\libpxcclr.java.jar
PATH=D:/Java/JDK1.8/bin/../jre/bin/server;D:/Java/JDK1.8/bin/../jre/bin;D:/Java/JDK1.8/bin/../jre/lib/amd64;C:\Windows\system32;C:\Windows;C:\Windows\System32\Wbem;C:\Windows\System32\WindowsPowerShell\v1.0\;D:\Java\JDK1.8\bin;D:\Java\jre1.8\bin;D:\eclipse;
USERNAME=My
OS=Windows_NT
PROCESSOR_IDENTIFIER=Intel64 Family 6 Model 58 Stepping 9, GenuineIntel



---------------  S Y S T E M  ---------------

OS: Windows 10.0 , 64 bit Build 10240 (10.0.10240.16384)

CPU:total 4 (2 cores per cpu, 2 threads per core) family 6 model 58 stepping 9, cmov, cx8, fxsr, mmx, sse, sse2, sse3, ssse3, sse4.1, sse4.2, popcnt, avx, aes, clmul, erms, ht, tsc, tscinvbit, tscinv

Memory: 4k page, physical 1980192k(634956k free), swap 4806956k(2614448k free)

vm_info: Java HotSpot(TM) 64-Bit Server VM (25.91-b14) for windows-amd64 JRE (1.8.0_91-b14), built on Apr  1 2016 00:58:32 by "java_re" with MS VC++ 10.0 (VS2010)

time: Fri May 20 10:27:42 2016
elapsed time: 0 seconds (0d 0h 0m 0s)

