#
# A fatal error has been detected by the Java Runtime Environment:
#
#  EXCEPTION_ACCESS_VIOLATION (0xc0000005) at pc=0x000000006ad538f2, pid=4716, tid=4864
#
# JRE version: Java(TM) SE Runtime Environment (8.0_91-b14) (build 1.8.0_91-b14)
# Java VM: Java HotSpot(TM) 64-Bit Server VM (25.91-b14 mixed mode windows-amd64 compressed oops)
# Problematic frame:
# V  [CFGMGR32.dll+0x1438f2]
#
# Failed to write core dump. Minidumps are not enabled by default on client versions of Windows
#
# If you would like to submit a bug report, please visit:
#   http://bugreport.java.com/bugreport/crash.jsp
#

---------------  T H R E A D  ---------------

Current thread (0x0000000015f43000):  JavaThread "pool-1-thread-1" [_thread_in_vm, id=4864, stack(0x00000000164f0000,0x00000000165f0000)]

siginfo: ExceptionCode=0xc0000005, reading address 0x0000000000000000

Registers:
RAX=0x0000000000000000, RBX=0x0000000015f43000, RCX=0x0000000000000300, RDX=0x0000000002c4bb70
RSP=0x00000000165eec10, RBP=0x00000000165eefb4, RSI=0x0000000000000000, RDI=0x0000000000000000
R8 =0x0000000000000000, R9 =0x0000000015f4e110, R10=0x00007ffe499c5440, R11=0x000000006b3a7d50
R12=0x0000000015f431f8, R13=0x0000000000000030, R14=0x0000000000000000, R15=0x0000000000000000
RIP=0x000000006ad538f2, EFLAGS=0x0000000000010202

Top of Stack: (sp=0x00000000165eec10)
0x00000000165eec10:   0000000000000020 0000000000000004
0x00000000165eec20:   00000000165eeac0 00000000165eec90
0x00000000165eec30:   0000000015f43000 0000000000000000
0x00000000165eec40:   0000000015f43000 0000000000000000
0x00000000165eec50:   00007ffe499c5020 000000006b3a7d50
0x00000000165eec60:   00007ffe499c5400 00007ffe499896db
0x00000000165eec70:   0000000000000000 00000000165eefb4
0x00000000165eec80:   0000000015f4e110 0000000000000030
0x00000000165eec90:   0000000015f43000 000000006ac358d3
0x00000000165eeca0:   0000b25ae194828c ffffffffffffffff
0x00000000165eecb0:   00007ffe499c5020 00000000165eefb0
0x00000000165eecc0:   00000000165eee30 0000000013577490
0x00000000165eecd0:   00000000165ef300 0000000000acee30
0x00000000165eece0:   0000000090000020 00000000165ef2f0
0x00000000165eecf0:   0000000015f43000 00000000165ef310
0x00000000165eed00:   0000000013a3c750 0000000000000000 

Instructions: (pc=0x000000006ad538f2)
0x000000006ad538d2:   8b 0e 45 33 c0 33 d2 48 8b cb c6 44 24 28 01 48
0x000000006ad538e2:   89 74 24 20 e8 95 71 07 00 40 38 3d 3e 03 6c 00
0x000000006ad538f2:   48 8b 06 48 63 4e 10 48 8b 50 68 74 1b 8b 0c 11
0x000000006ad53902:   85 c9 74 18 8b f9 8b 0d 82 3e 65 00 48 d3 e7 48 


Register to memory mapping:

RAX=0x0000000000000000 is an unknown value
RBX=0x0000000015f43000 is a thread
RCX=0x0000000000000300 is an unknown value
RDX=0x0000000002c4bb70 is a global jni handle
RSP=0x00000000165eec10 is pointing into the stack for thread: 0x0000000015f43000
RBP=0x00000000165eefb4 is pointing into the stack for thread: 0x0000000015f43000
RSI=0x0000000000000000 is an unknown value
RDI=0x0000000000000000 is an unknown value
R8 =0x0000000000000000 is an unknown value
R9 =0x0000000015f4e110 is an unknown value
R10=0x00007ffe499c5440 is an unknown value
R11=0x000000006b3a7d50 is an unknown value
R12=0x0000000015f431f8 is an unknown value
R13=0x0000000000000030 is an unknown value
R14=0x0000000000000000 is an unknown value
R15=0x0000000000000000 is an unknown value


Stack: [0x00000000164f0000,0x00000000165f0000],  sp=0x00000000165eec10,  free space=1019k
Native frames: (J=compiled Java code, j=interpreted, Vv=VM code, C=native code)
V  [USER32.dll+0x1438f2]
C  [libpxcclr.jni64.dll+0x96db]
C  [libpxcclr.jni64.dll+0x144b1]
C  0x0000000002c97f54

Java frames: (J=compiled Java code, j=interpreted, Vv=VM code)
j  intel.rssdk.PXCMSession.PXCMSession_QueryImpl(JLintel/rssdk/PXCMSession$ImplDesc;ILintel/rssdk/PXCMSession$ImplDesc;)Lintel/rssdk/pxcmStatus;+0
j  intel.rssdk.PXCMSession.QueryImpl(Lintel/rssdk/PXCMSession$ImplDesc;ILintel/rssdk/PXCMSession$ImplDesc;)Lintel/rssdk/pxcmStatus;+7
j  kr.ac.snu.ads.facetracking.CameraViewer.PrintConnectedDevices()V+50
j  kr.ac.snu.ads.facetracking.CameraViewer.run()V+0
j  java.util.concurrent.ThreadPoolExecutor.runWorker(Ljava/util/concurrent/ThreadPoolExecutor$Worker;)V+95
j  java.util.concurrent.ThreadPoolExecutor$Worker.run()V+5
j  java.lang.Thread.run()V+11
v  ~StubRoutines::call_stub

---------------  P R O C E S S  ---------------

Java Threads: ( => current thread )
  0x0000000002b80800 JavaThread "DestroyJavaVM" [_thread_blocked, id=776, stack(0x00000000029b0000,0x0000000002ab0000)]
  0x0000000015f48000 JavaThread "pool-1-thread-2" [_thread_in_native, id=6016, stack(0x00000000165f0000,0x00000000166f0000)]
=>0x0000000015f43000 JavaThread "pool-1-thread-1" [_thread_in_vm, id=4864, stack(0x00000000164f0000,0x00000000165f0000)]
  0x0000000015c4f000 JavaThread "Service Thread" daemon [_thread_blocked, id=5796, stack(0x00000000161f0000,0x00000000162f0000)]
  0x0000000015c4b800 JavaThread "C1 CompilerThread2" daemon [_thread_blocked, id=880, stack(0x00000000160f0000,0x00000000161f0000)]
  0x0000000015c48800 JavaThread "C2 CompilerThread1" daemon [_thread_blocked, id=2972, stack(0x0000000015ff0000,0x00000000160f0000)]
  0x0000000013f5b800 JavaThread "C2 CompilerThread0" daemon [_thread_blocked, id=1764, stack(0x0000000015af0000,0x0000000015bf0000)]
  0x0000000013f5a000 JavaThread "Attach Listener" daemon [_thread_blocked, id=1296, stack(0x00000000159f0000,0x0000000015af0000)]
  0x0000000013f10000 JavaThread "Signal Dispatcher" daemon [_thread_blocked, id=2240, stack(0x00000000158f0000,0x00000000159f0000)]
  0x0000000013eea800 JavaThread "Finalizer" daemon [_thread_blocked, id=2348, stack(0x0000000015160000,0x0000000015260000)]
  0x0000000002c71000 JavaThread "Reference Handler" daemon [_thread_blocked, id=5492, stack(0x0000000015060000,0x0000000015160000)]

Other Threads:
  0x0000000013ec8000 VMThread [stack: 0x0000000014f60000,0x0000000015060000] [id=3076]
  0x0000000015c9c000 WatcherThread [stack: 0x00000000162f0000,0x00000000163f0000] [id=4724]

VM state:not at safepoint (normal execution)

VM Mutex/Monitor currently owned by a thread: None

Heap:
 PSYoungGen      total 9728K, used 5434K [0x00000000f5f00000, 0x00000000f6980000, 0x0000000100000000)
  eden space 8704K, 62% used [0x00000000f5f00000,0x00000000f644e9c0,0x00000000f6780000)
  from space 1024K, 0% used [0x00000000f6880000,0x00000000f6880000,0x00000000f6980000)
  to   space 1024K, 0% used [0x00000000f6780000,0x00000000f6780000,0x00000000f6880000)
 ParOldGen       total 22016K, used 0K [0x00000000e1c00000, 0x00000000e3180000, 0x00000000f5f00000)
  object space 22016K, 0% used [0x00000000e1c00000,0x00000000e1c00000,0x00000000e3180000)
 Metaspace       used 5789K, capacity 5916K, committed 6144K, reserved 1056768K
  class space    used 654K, capacity 692K, committed 768K, reserved 1048576K

Card table byte_map: [0x0000000012040000,0x0000000012140000] byte_map_base: 0x0000000011932000

Marking Bits: (ParMarkBitMap*) 0x000000006b422f70
 Begin Bits: [0x0000000012540000, 0x0000000012cd0000)
 End Bits:   [0x0000000012cd0000, 0x0000000013460000)

Polling page: 0x0000000000dc0000

CodeCache: size=245760Kb used=1630Kb max_used=1630Kb free=244129Kb
 bounds [0x0000000002c80000, 0x0000000002ef0000, 0x0000000011c80000]
 total_blobs=561 nmethods=258 adapters=216
 compilation: enabled

Compilation events (10 events):
Event: 0.777 Thread 0x0000000015c4b800  242       3       java.nio.DirectLongBufferU::put (18 bytes)
Event: 0.777 Thread 0x0000000015c4b800 nmethod 242 0x0000000002e11150 code [0x0000000002e112c0, 0x0000000002e11530]
Event: 0.779 Thread 0x0000000015c4b800  243       3       sun.misc.URLClassPath::getResource (83 bytes)
Event: 0.779 Thread 0x0000000015c48800  244       4       java.lang.String::indexOf (166 bytes)
Event: 0.779 Thread 0x0000000015c4b800 nmethod 243 0x0000000002e10a50 code [0x0000000002e10be0, 0x0000000002e10fa8]
Event: 0.781 Thread 0x0000000015c4b800  245       3       java.io.InputStream::<init> (5 bytes)
Event: 0.781 Thread 0x0000000015c4b800 nmethod 245 0x0000000002e10650 code [0x0000000002e107c0, 0x0000000002e10970]
Event: 0.787 Thread 0x0000000013f5b800  247       4       java.util.concurrent.ConcurrentHashMap::setTabAt (19 bytes)
Event: 0.787 Thread 0x0000000013f5b800 nmethod 247 0x0000000002e158d0 code [0x0000000002e15a00, 0x0000000002e15a78]
Event: 0.788 Thread 0x0000000015c48800 nmethod 244 0x0000000002e13ad0 code [0x0000000002e13c20, 0x0000000002e14138]

GC Heap History (0 events):
No events

Deoptimization events (1 events):
Event: 0.732 Thread 0x0000000002b80800 Uncommon trap: reason=unstable_if action=reinterpret pc=0x0000000002e08304 method=org.sqlite.SQLiteJDBCLoader.contentsEquals(Ljava/io/InputStream;Ljava/io/InputStream;)Z @ 39

Internal exceptions (6 events):
Event: 0.049 Thread 0x0000000002b80800 Exception <a 'java/lang/NoSuchMethodError': Method sun.misc.Unsafe.defineClass(Ljava/lang/String;[BII)Ljava/lang/Class; name or signature does not match> (0x00000000f5f07cc0) thrown at [C:\re\workspace\8-2-build-windows-amd64-cygwin\jdk8u91\6644\hotspot\srMèÍiR©?
Event: 0.049 Thread 0x0000000002b80800 Exception <a 'java/lang/NoSuchMethodError': Method sun.misc.Unsafe.prefetchRead(Ljava/lang/Object;J)V name or signature does not match> (0x00000000f5f07fa8) thrown at [C:\re\workspace\8-2-build-windows-amd64-cygwin\jdk8u91\6644\hotspot\src\share\vm\prims\j\àîU†‘◊?
Event: 0.372 Thread 0x0000000002b80800 Exception <a 'java/security/PrivilegedActionException'> (0x00000000f60244c8) thrown at [C:\re\workspace\8-2-build-windows-amd64-cygwin\jdk8u91\6644\hotspot\src\share\vm\prims\jvm.cpp, line 1386]
Event: 0.372 Thread 0x0000000002b80800 Exception <a 'java/security/PrivilegedActionException'> (0x00000000f60246d8) thrown at [C:\re\workspace\8-2-build-windows-amd64-cygwin\jdk8u91\6644\hotspot\src\share\vm\prims\jvm.cpp, line 1386]
Event: 0.373 Thread 0x0000000002b80800 Exception <a 'java/security/PrivilegedActionException'> (0x00000000f6026c88) thrown at [C:\re\workspace\8-2-build-windows-amd64-cygwin\jdk8u91\6644\hotspot\src\share\vm\prims\jvm.cpp, line 1386]
Event: 0.373 Thread 0x0000000002b80800 Exception <a 'java/security/PrivilegedActionException'> (0x00000000f6026e98) thrown at [C:\re\workspace\8-2-build-windows-amd64-cygwin\jdk8u91\6644\hotspot\src\share\vm\prims\jvm.cpp, line 1386]

Events (10 events):
Event: 0.788 loading class java/lang/ClassLoaderHelper
Event: 0.788 loading class java/lang/ClassLoaderHelper done
Event: 0.811 loading class intel/rssdk/PXCMSession$ImplDesc
Event: 0.811 loading class intel/rssdk/PXCMSession$ImplDesc done
Event: 0.811 loading class java/util/EnumSet
Event: 0.812 loading class java/util/EnumSet done
Event: 0.812 loading class java/util/RegularEnumSet
Event: 0.812 loading class java/util/RegularEnumSet done
Event: 0.813 loading class intel/rssdk/PXCMSession$ImplVersion
Event: 0.813 loading class intel/rssdk/PXCMSession$ImplVersion done


Dynamic libraries:
0x00007ff7a7f70000 - 0x00007ff7a7fa7000 	D:\Java\JDK1.8\bin\javaw.exe
0x00007ffe56ae0000 - 0x00007ffe56ca2000 	C:\Windows\SYSTEM32\ntdll.dll
0x00007ffe56a30000 - 0x00007ffe56add000 	C:\Windows\system32\KERNEL32.DLL
0x00007ffe53f90000 - 0x00007ffe5416d000 	C:\Windows\system32\KERNELBASE.dll
0x00007ffe541f0000 - 0x00007ffe54296000 	C:\Windows\system32\ADVAPI32.dll
0x00007ffe54810000 - 0x00007ffe548ad000 	C:\Windows\system32\msvcrt.dll
0x00007ffe56970000 - 0x00007ffe569cb000 	C:\Windows\system32\sechost.dll
0x00007ffe56310000 - 0x00007ffe56436000 	C:\Windows\system32\RPCRT4.dll
0x00007ffe542a0000 - 0x00007ffe543ee000 	C:\Windows\system32\USER32.dll
0x00007ffe545d0000 - 0x00007ffe54756000 	C:\Windows\system32\GDI32.dll
0x00007ffe4e1c0000 - 0x00007ffe4e434000 	C:\Windows\WinSxS\amd64_microsoft.windows.common-controls_6595b64144ccf1df_6.0.10240.16384_none_f41f7b285750ef43\COMCTL32.dll
0x00007ffe56440000 - 0x00007ffe56476000 	C:\Windows\system32\IMM32.DLL
0x00007ffe56140000 - 0x00007ffe5629c000 	C:\Windows\system32\MSCTF.dll
0x00007ffe533c0000 - 0x00007ffe533f1000 	C:\Windows\system32\nvinitx.dll
0x00007ffe533b0000 - 0x00007ffe533ba000 	C:\Windows\SYSTEM32\VERSION.dll
0x000000006c380000 - 0x000000006c386000 	C:\Program Files\NVIDIA Corporation\CoProcManager\_etoured.dll
0x00007ffe50ca0000 - 0x00007ffe50cd3000 	C:\Program Files\NVIDIA Corporation\CoProcManager\nvd3d9wrapx.dll
0x00007ffe548b0000 - 0x00007ffe54a75000 	C:\Windows\system32\SETUPAPI.dll
0x00007ffe53910000 - 0x00007ffe53954000 	C:\Windows\system32\CFGMGR32.dll
0x00007ffe50c50000 - 0x00007ffe50c72000 	C:\Program Files\NVIDIA Corporation\CoProcManager\nvdxgiwrapx.dll
0x000000006a8d0000 - 0x000000006a9a2000 	D:\Java\JDK1.8\jre\bin\msvcr100.dll
0x000000006ac10000 - 0x000000006b4a3000 	D:\Java\JDK1.8\jre\bin\server\jvm.dll
0x00007ffe54b60000 - 0x00007ffe54b68000 	C:\Windows\system32\PSAPI.DLL
0x00007ffe4f7f0000 - 0x00007ffe4f7f9000 	C:\Windows\SYSTEM32\WSOCK32.dll
0x00007ffe518c0000 - 0x00007ffe518e3000 	C:\Windows\SYSTEM32\WINMM.dll
0x00007ffe562a0000 - 0x00007ffe56309000 	C:\Windows\system32\WS2_32.dll
0x00007ffe54470000 - 0x00007ffe54478000 	C:\Windows\system32\NSI.dll
0x00007ffe516b0000 - 0x00007ffe516dc000 	C:\Windows\SYSTEM32\WINMMBASE.dll
0x00007ffe51f70000 - 0x00007ffe51f97000 	C:\Windows\SYSTEM32\DEVOBJ.dll
0x000000006ab20000 - 0x000000006ab2f000 	D:\Java\JDK1.8\jre\bin\verify.dll
0x000000006aaf0000 - 0x000000006ab19000 	D:\Java\JDK1.8\jre\bin\java.dll
0x000000006aad0000 - 0x000000006aae6000 	D:\Java\JDK1.8\jre\bin\zip.dll
0x00007ffe54b70000 - 0x00007ffe560d8000 	C:\Windows\system32\SHELL32.dll
0x00000000152c0000 - 0x00000000158e8000 	C:\Windows\system32\windows.storage.dll
0x00007ffe566f0000 - 0x00007ffe5696c000 	C:\Windows\system32\combase.dll
0x00007ffe569d0000 - 0x00007ffe56a21000 	C:\Windows\system32\shlwapi.dll
0x00007ffe53560000 - 0x00007ffe5356f000 	C:\Windows\system32\kernel.appcore.dll
0x00007ffe53850000 - 0x00007ffe53903000 	C:\Windows\system32\shcore.dll
0x00007ffe534d0000 - 0x00007ffe5351a000 	C:\Windows\system32\powrprof.dll
0x00007ffe53520000 - 0x00007ffe53533000 	C:\Windows\system32\profapi.dll
0x00007ffe56480000 - 0x00007ffe5653e000 	C:\Windows\system32\OLEAUT32.dll
0x00007ffe52cf0000 - 0x00007ffe52d07000 	C:\Windows\SYSTEM32\CRYPTSP.dll
0x00007ffe53400000 - 0x00007ffe53428000 	C:\Windows\SYSTEM32\bcrypt.dll
0x00007ffe52940000 - 0x00007ffe52973000 	C:\Windows\system32\rsaenh.dll
0x00007ffe52a30000 - 0x00007ffe52a4f000 	C:\Windows\SYSTEM32\USERENV.dll
0x00007ffe532a0000 - 0x00007ffe5330b000 	C:\Windows\system32\bcryptprimitives.dll
0x00007ffe52e60000 - 0x00007ffe52e6b000 	C:\Windows\SYSTEM32\CRYPTBASE.dll
0x000000006aab0000 - 0x000000006aaca000 	D:\Java\JDK1.8\jre\bin\net.dll
0x00007ffe52c90000 - 0x00007ffe52ced000 	C:\Windows\system32\mswsock.dll
0x00007ffe4ddb0000 - 0x00007ffe4dde8000 	C:\Windows\SYSTEM32\IPHLPAPI.DLL
0x00007ffe4de70000 - 0x00007ffe4de7b000 	C:\Windows\SYSTEM32\WINNSI.DLL
0x00007ffe4d840000 - 0x00007ffe4d856000 	C:\Windows\SYSTEM32\dhcpcsvc6.DLL
0x00007ffe4d820000 - 0x00007ffe4d83a000 	C:\Windows\SYSTEM32\dhcpcsvc.DLL
0x000000006aa90000 - 0x000000006aaa1000 	D:\Java\JDK1.8\jre\bin\nio.dll
0x000000006d580000 - 0x000000006d63d000 	C:\Users\My\AppData\Local\Temp\sqlite-3.8.11.1-7ea14e71-ca87-4d26-9b9f-556303ce35cf-sqlitejdbc.dll
0x00007ffe49980000 - 0x00007ffe499dd000 	D:\Java\JDK1.8\bin\libpxcclr.jni64.dll
0x00007ffe44450000 - 0x00007ffe4450a000 	C:\Program Files\Common Files\Intel\RSSDK\v8\bin\x64\libpxcsession.dll
0x00007ffe54480000 - 0x00007ffe545c1000 	C:\Windows\system32\ole32.dll
0x00007ffe496e0000 - 0x00007ffe49743000 	C:\Program Files\Common Files\Intel\RSSDK\v8\bin\x64\tbb.dll
0x00007ffe39fa0000 - 0x00007ffe3a074000 	C:\Windows\SYSTEM32\MSVCR110.dll
0x00007ffe38db0000 - 0x00007ffe38e57000 	C:\Windows\SYSTEM32\MSVCP110.dll
0x00007ffe38ba0000 - 0x00007ffe38dab000 	C:\Program Files\Common Files\Intel\RSSDK\v8\bin\x64\libpxccore.dll
0x00007ffe53040000 - 0x00007ffe5306c000 	C:\Windows\SYSTEM32\SspiCli.dll
0x00007ffe38a90000 - 0x00007ffe38b91000 	C:\Program Files\Common Files\Intel\RSSDK\v8\bin\x64\intel-ias2.dll
0x00007ffe44f90000 - 0x00007ffe44fdd000 	C:\Program Files\Common Files\Intel\RSSDK\v8\bin\x64\libpxclanternrock.dll
0x00007ffe37bc0000 - 0x00007ffe37cd9000 	C:\Program Files\Common Files\Intel\RSSDK\v8\bin\x64\libpxcpipelineutils.dll
0x0000000180000000 - 0x000000018014c000 	C:\Program Files\Common Files\Intel\RSSDK\v8\bin\x64\face3d_idc\libiomp5md.dll
0x00007ffe31d00000 - 0x00007ffe37307000 	C:\Program Files\Common Files\Intel\RSSDK\v8\bin\x64\face3d_idc\libpxcface_idc.dll
0x00007ffe4f5e0000 - 0x00007ffe4f76a000 	C:\Windows\SYSTEM32\dbghelp.dll
0x00007ffe49f10000 - 0x00007ffe49f23000 	C:\Program Files\Common Files\Intel\RSSDK\v8\bin\x64\libpxcpowermanager.dll
0x00007ffe37aa0000 - 0x00007ffe37bbf000 	C:\Program Files\Common Files\Intel\RSDCM\bin\x64\IVCAM_DLL.dll
0x00007ffe39ba0000 - 0x00007ffe39bf8000 	C:\Windows\SYSTEM32\newdev.dll
0x00007ffe495d0000 - 0x00007ffe496dc000 	C:\Windows\SYSTEM32\MFPlat.DLL
0x00007ffe38a00000 - 0x00007ffe38a90000 	C:\Windows\SYSTEM32\MF.dll
0x00007ffe4f2d0000 - 0x00007ffe4f2db000 	C:\Windows\SYSTEM32\WINUSB.DLL
0x00007ffe429d0000 - 0x00007ffe42a3a000 	C:\Windows\SYSTEM32\MFReadWrite.dll
0x00007ffe51d50000 - 0x00007ffe51de6000 	C:\Windows\SYSTEM32\UxTheme.dll
0x00007ffe45470000 - 0x00007ffe45483000 	C:\Windows\SYSTEM32\devrtl.DLL
0x00007ffe37610000 - 0x00007ffe37867000 	C:\Windows\SYSTEM32\MFCORE.DLL
0x00007ffe4e510000 - 0x00007ffe4e518000 	C:\Windows\SYSTEM32\ksuser.dll
0x00007ffe494f0000 - 0x00007ffe49520000 	C:\Windows\SYSTEM32\RTWorkQ.DLL
0x00007ffe4e500000 - 0x00007ffe4e50b000 	C:\Windows\SYSTEM32\AVRT.dll
0x00007ffe31880000 - 0x00007ffe31cf3000 	C:\Program Files\Common Files\Intel\RSDCM\bin\x64\libpxccamera_dcm_f200.dll
0x00007ffe4e130000 - 0x00007ffe4e1b4000 	C:\Windows\SYSTEM32\WINSPOOL.DRV
0x00007ffe4df10000 - 0x00007ffe4df79000 	C:\Windows\SYSTEM32\OLEACC.dll
0x00007ffe4df80000 - 0x00007ffe4e128000 	C:\Windows\WinSxS\amd64_microsoft.windows.gdiplus_6595b64144ccf1df_1.1.10240.16603_none_89ad014f9af1a159\gdiplus.dll
0x00007ffe4e4f0000 - 0x00007ffe4e4f7000 	C:\Windows\SYSTEM32\MSIMG32.dll
0x00007ffe54760000 - 0x00007ffe54805000 	C:\Windows\system32\clbcatq.dll
0x00007ffe49ef0000 - 0x00007ffe49f0a000 	C:\Program Files\Common Files\Intel\RSDCM\bin\x64\RealSenseDCMPS.dll

VM Arguments:
jvm_args: -Dfile.encoding=GBK 
java_command: kr.ac.snu.ads.facetracking.FaceTrackingMain
java_class_path (initial): E:\IntelRealSense\Projects\FaceTracking_java\bin;E:\IntelRealSense\Projects\FaceTracking_java\lib\unirest-java.jar;D:\eclipse\plugins\org.junit_4.12.0.v201504281640\junit.jar;D:\eclipse\plugins\org.hamcrest.core_1.3.0.v201303031735.jar;E:\IntelRealSense\Projects\FaceTracking_java\lib\httpclient\4.3.6\httpclient-4.3.6.jar;E:\IntelRealSense\Projects\FaceTracking_java\lib\httpcore\4.3.3\httpcore-4.3.3.jar;E:\IntelRealSense\Projects\FaceTracking_java\lib\httpasyncclient\4.0.2\httpasyncclient-4.0.2.jar;E:\IntelRealSense\Projects\FaceTracking_java\lib\httpcore-nio\4.3.2\httpcore-nio-4.3.2.jar;E:\IntelRealSense\Projects\FaceTracking_java\lib\httpmime\4.3.6\httpmime-4.3.6.jar;E:\IntelRealSense\Projects\FaceTracking_java\lib\json\20140107\json-20140107.jar;E:\IntelRealSense\Projects\FaceTracking_java\lib\commons-logging\1.1.3\commons-logging-1.1.3.jar;E:\IntelRealSense\Projects\FaceTracking_java\lib\sqlite-jdbc-3.8.11.1.jar;E:\RealSenseCamera\RealSDK\RSSDK\framework\Java\DF_FaceTracking\libpxcclr.java.jar
Launcher Type: SUN_STANDARD

Environment Variables:
JAVA_HOME=D:\Java\JDK1.8
CLASSPATH=.;D:\Java\JDK1.8\lib\dt.jar;D:\Java\JDK1.8\lib\tools.jar;D:\Java\JDK1.8\lib;D:\Java\JDK1.8\lib\libpxcclr.java.jar
PATH=D:/Java/JDK1.8/bin/../jre/bin/server;D:/Java/JDK1.8/bin/../jre/bin;D:/Java/JDK1.8/bin/../jre/lib/amd64;C:\Windows\system32;C:\Windows;C:\Windows\System32\Wbem;C:\Windows\System32\WindowsPowerShell\v1.0\;D:\Java\JDK1.8\bin;D:\Java\jre1.8\bin;D:\eclipse;
USERNAME=My
OS=Windows_NT
PROCESSOR_IDENTIFIER=Intel64 Family 6 Model 58 Stepping 9, GenuineIntel



---------------  S Y S T E M  ---------------

OS: Windows 10.0 , 64 bit Build 10240 (10.0.10240.16384)

CPU:total 4 (2 cores per cpu, 2 threads per core) family 6 model 58 stepping 9, cmov, cx8, fxsr, mmx, sse, sse2, sse3, ssse3, sse4.1, sse4.2, popcnt, avx, aes, clmul, erms, ht, tsc, tscinvbit, tscinv

Memory: 4k page, physical 1980192k(465208k free), swap 3159840k(776348k free)

vm_info: Java HotSpot(TM) 64-Bit Server VM (25.91-b14) for windows-amd64 JRE (1.8.0_91-b14), built on Apr  1 2016 00:58:32 by "java_re" with MS VC++ 10.0 (VS2010)

time: Fri May 20 13:43:54 2016
elapsed time: 0 seconds (0d 0h 0m 0s)

